0 info it worked if it ends with ok
1 verbose cli [ 'C:\\Program Files\\nodejs\\\\node.exe',
1 verbose cli   'C:\\Program Files\\nodejs\\node_modules\\npm\\bin\\npm-cli.js',
1 verbose cli   'install',
1 verbose cli   'fs',
1 verbose cli   '--save' ]
2 info using npm@1.3.14
3 info using node@v0.10.22
4 verbose node symlink C:\Program Files\nodejs\\node.exe
5 warn package.json spark_events@0.0.0 No description
6 warn package.json spark_events@0.0.0 No README data
7 warn package.json http@0.0.0 http is also the name of a node core module.
8 warn package.json http@0.0.0 No description
9 warn package.json http@0.0.0 No repository field.
10 verbose readDependencies using package.json deps
11 verbose cache add [ 'fs', null ]
12 verbose cache add name=undefined spec="fs" args=["fs",null]
13 verbose parsed url { protocol: null,
13 verbose parsed url   slashes: null,
13 verbose parsed url   auth: null,
13 verbose parsed url   host: null,
13 verbose parsed url   port: null,
13 verbose parsed url   hostname: null,
13 verbose parsed url   hash: null,
13 verbose parsed url   search: null,
13 verbose parsed url   query: null,
13 verbose parsed url   pathname: 'fs',
13 verbose parsed url   path: 'fs',
13 verbose parsed url   href: 'fs' }
14 silly lockFile 3f4bb586-fs fs
15 verbose lock fs C:\Users\Eric\AppData\Roaming\npm-cache\3f4bb586-fs.lock
16 silly lockFile 3f4bb586-fs fs
17 silly lockFile 3f4bb586-fs fs
18 verbose addNamed [ 'fs', '' ]
19 verbose addNamed [ null, '*' ]
20 silly lockFile a107b96b-fs fs@
21 verbose lock fs@ C:\Users\Eric\AppData\Roaming\npm-cache\a107b96b-fs.lock
22 silly addNameRange { name: 'fs', range: '*', hasData: false }
23 verbose url raw fs
24 verbose url resolving [ 'https://registry.npmjs.org/', './fs' ]
25 verbose url resolved https://registry.npmjs.org/fs
26 info trying registry request attempt 1 at 14:51:03
27 http GET https://registry.npmjs.org/fs
28 http 404 https://registry.npmjs.org/fs
29 silly registry.get cb [ 404,
29 silly registry.get   { date: 'Fri, 16 May 2014 21:51:06 GMT',
29 silly registry.get     server: 'CouchDB/1.5.0 (Erlang OTP/R14B04)',
29 silly registry.get     'content-type': 'application/json',
29 silly registry.get     via: '1.1 varnish',
29 silly registry.get     'cache-control': 'max-age=0',
29 silly registry.get     'content-length': '52',
29 silly registry.get     'accept-ranges': 'bytes',
29 silly registry.get     age: '0',
29 silly registry.get     'x-served-by': 'cache-v43-ASH, cache-lax1429-LAX',
29 silly registry.get     'x-cache': 'MISS, MISS',
29 silly registry.get     'x-cache-hits': '0, 0',
29 silly registry.get     'x-timer': 'S1400277066.024299145,VS0,VS34,VE47,VE78',
29 silly registry.get     'keep-alive': 'timeout=10, max=50',
29 silly registry.get     connection: 'Keep-Alive' } ]
30 silly lockFile a107b96b-fs fs@
31 silly lockFile a107b96b-fs fs@
32 error 404 'fs' is not in the npm registry.
32 error 404 You should bug the author to publish it
32 error 404
32 error 404 Note that you can also install from a
32 error 404 tarball, folder, or http url, or git url.
33 error System Windows_NT 6.2.9200
34 error command "C:\\Program Files\\nodejs\\\\node.exe" "C:\\Program Files\\nodejs\\node_modules\\npm\\bin\\npm-cli.js" "install" "fs" "--save"
35 error cwd G:\Programming\NodeJS\spark_events
36 error node -v v0.10.22
37 error npm -v 1.3.14
38 error code E404
39 verbose exit [ 1, true ]
